(---------------------------------------------------------------------)
(                                                                     )
(    NC DRILL Log                                                     )
(                                                                     )
(    Drawing          : #Taaaaaa04700.tmp                             )
(    Software Version : 16.5P002                                      )
(    Date/Time        : Fri Oct 23 17:06:23 2015                      )
(                                                                     )
(---------------------------------------------------------------------)



 Processing NC Parameters file ...

 NC PARAMETERS
 -------------

 FORMAT   		2.5
 MACHINE-OFFSET		x:0.000000	y:0.000000
 FEEDRATE		1
 COORDINATES		ABSOLUTE
 OUTPUT-UNITS		ENGLISH
 TOOL-ORDER		INCREASING
 REPEAT-CODES		YES
 SUPPRESS-LEAD-ZEROES	YES
 SUPPRESS-TRAIL-ZEROES	NO
 SUPPRESS-EQUAL		NO
 TOOL-SELECT		NO
 HEADER			none
 LEADER			12
 CODE			ASCII
 SEPARATE		NO
 OPTIMIZE_DRILLING	YES
 ENHANCED_EXCELLON	NO
 SCALE			1.000000

 WARNING: Design precision is the same as that of the drill output file data.
          Data rounding errors may still be possible.


 Drill files being output to directory 'E:/Project/THEDC/MAINBOARD/allegro' ...



     'mainboard-1-2.drl' created for holes connecting TOP and BOTTOM
     ---------------------------------------------------------------

           Num     Size      +/- Tolerance     Plating   Quantity

            1.  13.0000    0.0000/  0.0000      PLATED         83
            2.  39.3700    0.0000/  0.0000      PLATED         14
            3.  55.1200    0.0000/  0.0000      PLATED         48
            4.  59.0600    0.0000/  0.0000      PLATED         50
            5.  62.9900    0.0000/  0.0000      PLATED          2
            6.  94.4900    0.0000/  0.0000      PLATED          6
            7. 118.1100    0.0000/  0.0000  NON_PLATED          4

     ---- Total holes:                                        207

     ---- Total head travel:              5.79 feet (1.76 meters)

