(---------------------------------------------------------------------)
(                                                                     )
(    QUICKPLACE LOG                                                   )
(                                                                     )
(    Drawing          : mainboard.brd                                 )
(    Software Version : 16.5P003                                      )
(    Date/Time        : Wed Oct 21 22:11:22 2015                      )
(                                                                     )
(---------------------------------------------------------------------)


State: Placing on layer TOP

         Placed symbol:  U1 / STM32F429VG_QFP50P1600X1600X160 / QFP50P1600X1600X160-100N at (-1617.98 2319.02)
         Placed symbol:  U4 / DRV8801_SOP65P640X120-17N_DRV88 / SOP65P640X120-17N at (-1113.92 2086.74)
         Placed symbol:  U5 / DRV8801_SOP65P640X120-17N_DRV88 / SOP65P640X120-17N at (-798.84 2086.74)
         Placed symbol:  J19 / CON8_HDRV8W90P254_1X8_2032X254X / HDRV8W90P254_1X8_2032X254X200P at (-575.88 2037.52)
         Placed symbol:  U3 / LM2596_TO170P1450X465-6N_LM25_1 / TO170P1450X465-6N at (506.53 2200.91)
         Placed symbol:  U2 / LM2596_TO170P1450X465-6N_LM2596 / TO170P1450X465-6N at (1140.51 2200.91)
         Placed symbol:  J3 / CON4_HDRV4W88P254_1X4_1016X25_1 / HDRV4W88P254_1X4_1016X254X600P at (1520.16 2035.56)
         Placed symbol:  J6 / CON4_HDRV4W88P254_1X4_1016X254X / HDRV4W88P254_1X4_1016X254X600P at (2035.16 1901.44)
         Placed symbol:  J21 / CON4_HDRV4W88P254_1X4_1016X254X / HDRV4W88P254_1X4_1016X254X600P at (2035.16 1775.32)
         Placed symbol:  J20 / CON4_HDRV4W88P254_1X4_1016X254X / HDRV4W88P254_1X4_1016X254X600P at (2035.16 1649.20)
         Placed symbol:  J7 / CON4_HDRV4W88P254_1X4_1016X254X / HDRV4W88P254_1X4_1016X254X600P at (2035.16 1523.08)
         Placed symbol:  J16 / CON3_HDRV3W88P254_1X3_762X254_1 / HDRV3W88P254_1X3_762X254X600P at (2035.95 1396.96)
         Placed symbol:  J17 / CON3_HDRV3W88P254_1X3_762X254_1 / HDRV3W88P254_1X3_762X254X600P at (2035.95 1270.84)
         Placed symbol:  J18 / CON3_HDRV3W88P254_1X3_762X254_1 / HDRV3W88P254_1X3_762X254X600P at (2035.95 1144.72)
         Placed symbol:  J11 / CON3_HDRV3W88P254_1X3_762X254_1 / HDRV3W88P254_1X3_762X254X600P at (2035.95 1018.60)
         Placed symbol:  J10 / CON3_HDRV3W88P254_1X3_762X254_1 / HDRV3W88P254_1X3_762X254X600P at (2035.95 892.48)
         Placed symbol:  J1 / CON3_HDRV3W88P254_1X3_762X254X6 / HDRV3W88P254_1X3_762X254X600P at (2035.95 766.36)
         Placed symbol:  J8 / CON3_HDRV3W88P254_1X3_762X254_1 / HDRV3W88P254_1X3_762X254X600P at (2035.95 640.24)
         Placed symbol:  J13 / CON3_HDRV3W88P254_1X3_762X254_1 / HDRV3W88P254_1X3_762X254X600P at (2035.95 514.12)
         Placed symbol:  J12 / CON3_HDRV3W88P254_1X3_762X254_1 / HDRV3W88P254_1X3_762X254X600P at (2035.95 388.00)
         Placed symbol:  Q1 / MOSFET N_SOT95P240X110R-3N_SI23 / SOT95P240X110R-3N at (2053.27 252.04)
         Placed symbol:  J9 / CON3_HDRV3W88P254_1X3_762X254_1 / HDRV3W88P254_1X3_762X254X600P at (2035.95 116.08)
         Placed symbol:  C13 / CAP_CAPPRD500W70D1000H1700P_6_1 / CAPPRD500W70D1000H1700P at (2184.18 -158.66)
         Placed symbol:  C24 / CAP_CAPPRD500W70D1000H1700P_6_1 / CAPPRD500W70D1000H1700P at (2184.18 -582.02)
         Placed symbol:  C14 / CAP_CAPPRD500W70D1000H1700P_6_1 / CAPPRD500W70D1000H1700P at (2184.18 -1005.38)
         Placed symbol:  C25 / CAP_CAPPRD500W70D1000H1700P_6_1 / CAPPRD500W70D1000H1700P at (2184.18 -1428.74)
         Placed symbol:  D2 / DIODE_DIOM5336X244N_1N5824 / DIOM5336X244N at (2118.23 -1733.00)
         Placed symbol:  D10 / LED_HDRV2W90P254_1X2_508X254X60 / HDRV2W90P254_1X2_508X254X600P at (2032.80 -1884.70)
         Placed symbol:  D1 / DIODE_DIOM5336X244N_1N5824 / DIOM5336X244N at (-1818.77 2758.12)
         Placed symbol:  D4 / LED_HDRV2W90P254_1X2_508X254X60 / HDRV2W90P254_1X2_508X254X600P at (-1612.74 2724.66)
         Placed symbol:  C12 / CAP_CAPPRD500W70D1000H1700P_680 / CAPPRD500W70D1000H1700P at (-1240.76 2877.22)
         Placed symbol:  C11 / CAP NP_CAPC1608X50N_20P / CAPC1608X50N at (-966.02 2699.07)
         Placed symbol:  C10 / CAP NP_CAPC1608X50N_20P / CAPC1608X50N at (-839.90 2699.07)
         Placed symbol:  C9 / CAP NP_CAPC1608X50N_104 / CAPC1608X50N at (-713.78 2699.07)
         Placed symbol:  D3 / LED_HDRV2W90P254_1X2_508X254X60 / HDRV2W90P254_1X2_508X254X600P at (-590.42 2724.66)
         Placed symbol:  D19 / PDB-C107_HDRV2W90P254_1X2_508X2 / HDRV2W90P254_1X2_508X254X600P at (-369.82 2724.66)
         Placed symbol:  D20 / PDB-C107_HDRV2W90P254_1X2_508X2 / HDRV2W90P254_1X2_508X254X600P at (-149.22 2724.66)
         Placed symbol:  D21 / PDB-C107_HDRV2W90P254_1X2_508X2 / HDRV2W90P254_1X2_508X254X600P at (71.38 2724.66)
         Placed symbol:  D22 / PDB-C107_HDRV2W90P254_1X2_508X2 / HDRV2W90P254_1X2_508X254X600P at (291.98 2724.66)
         Placed symbol:  D23 / PDB-C107_HDRV2W90P254_1X2_508X2 / HDRV2W90P254_1X2_508X254X600P at (512.58 2724.66)
         Placed symbol:  D24 / PDB-C107_HDRV2W90P254_1X2_508X2 / HDRV2W90P254_1X2_508X254X600P at (733.18 2724.66)
         Placed symbol:  D5 / LED_HDRV2W90P254_1X2_508X254X60 / HDRV2W90P254_1X2_508X254X600P at (953.78 2724.66)
         Placed symbol:  D26 / PDB-C107_HDRV2W90P254_1X2_508X2 / HDRV2W90P254_1X2_508X254X600P at (1174.38 2724.66)
         Placed symbol:  F1 / FUSE_FUSRR2150W140L2620T940H136 / FUSRR2150W140L2620T940H1360P at (2931.35 1765.62)
         Placed symbol:  C8 / CAP NP_CAPC1608X50N_104 / CAPC1608X50N at (1397.74 2699.07)
         Placed symbol:  C7 / CAP NP_CAPC1608X50N_104 / CAPC1608X50N at (1523.86 2699.07)
         Placed symbol:  D6 / LED_HDRV2W90P254_1X2_508X254X60 / HDRV2W90P254_1X2_508X254X600P at (1647.22 2724.66)
         Placed symbol:  C6 / CAP NP_CAPC1608X50N_104 / CAPC1608X50N at (1870.58 2699.07)
         Placed symbol:  D7 / LED_HDRV2W90P254_1X2_508X254X60 / HDRV2W90P254_1X2_508X254X600P at (2458.12 1507.62)
         Placed symbol:  C4 / CAP NP_CAPC1608X50N_104 / CAPC1608X50N at (2460.88 1414.97)
         Placed symbol:  C3 / CAP NP_CAPC1608X50N_104 / CAPC1608X50N at (2460.88 1347.91)
         Placed symbol:  D8 / LED_HDRV2W90P254_1X2_508X254X60 / HDRV2W90P254_1X2_508X254X600P at (2458.12 1255.26)
         Placed symbol:  C5 / CAP NP_CAPC1608X50N_104 / CAPC1608X50N at (2460.88 1162.61)
         Placed symbol:  D9 / LED_HDRV2W90P254_1X2_508X254X60 / HDRV2W90P254_1X2_508X254X600P at (2458.12 1069.96)
         Placed symbol:  J14 / JUMPER_HDRV2W90P254_1X2_508X254 / HDRV2W90P254_1X2_508X254X600P at (2458.12 951.72)
         Placed symbol:  D25 / PDB-C107_HDRV2W90P254_1X2_508X2 / HDRV2W90P254_1X2_508X254X600P at (2458.12 833.48)
         Placed symbol:  J22 / JUMPER_HDRV2W90P254_1X2_508X254 / HDRV2W90P254_1X2_508X254X600P at (2458.12 715.24)
         Placed symbol:  J23 / JUMPER_HDRV2W90P254_1X2_508X254 / HDRV2W90P254_1X2_508X254X600P at (2458.12 597.00)
         Placed symbol:  C23 / CAP NP_CAPC1608X50N_104 / CAPC1608X50N at (2460.88 504.35)
         Placed symbol:  J2 / CON2_HDRV2W140P508_1X2_1016X508 / HDRV2W140P508_1X2_1016X508X200P at (2512.45 356.58)
         Placed symbol:  C22 / CAP NP_CAPC1608X50N_104 / CAPC1608X50N at (2460.88 208.81)
         Placed symbol:  C21 / CAP NP_CAPC1608X50N_104 / CAPC1608X50N at (2460.88 141.75)
         Placed symbol:  C20 / CAP NP_CAPC1608X50N_104 / CAPC1608X50N at (2460.88 74.69)
         Placed symbol:  C2 / CAP NP_CAPC1608X50N_104 / CAPC1608X50N at (2460.88 7.63)
         Placed symbol:  C19 / CAP NP_CAPC1608X50N_104 / CAPC1608X50N at (2460.88 -59.43)
         Placed symbol:  J4 / CON2_HDRV2W140P508_1X2_1016X5_1 / HDRV2W140P508_1X2_1016X508X200P at (2512.45 -207.20)
         Placed symbol:  J5 / CON2_HDRV2W140P508_1X2_1016X5_1 / HDRV2W140P508_1X2_1016X508X200P at (2512.45 -435.68)
         Placed symbol:  L1 / INDUCTOR_INDM120120X700N_33U / INDM120120X700N at (2671.51 -799.98)
         Placed symbol:  L2 / INDUCTOR_INDM120120X700N_33U / INDM120120X700N at (2671.51 -1300.10)
         Placed symbol:  J15 / JUMPER_HDRV2W90P254_1X2_508X254 / HDRV2W90P254_1X2_508X254X600P at (2458.12 -1609.28)
         Placed symbol:  R1 / R_CAPC1608X50N_0 / CAPC1608X50N at (2460.88 -1701.93)
         Placed symbol:  R12 / R_CAPC1608X50N_0 / CAPC1608X50N at (2460.88 -1768.99)
         Placed symbol:  R10 / R_CAPC1608X50N_100 / CAPC1608X50N at (2460.88 -1836.05)
         Placed symbol:  R11 / R_CAPC1608X50N_100 / CAPC1608X50N at (2460.88 -1903.11)
         Placed symbol:  R2 / R_CAPC1608X50N_100 / CAPC1608X50N at (-1901.44 3122.43)
         Placed symbol:  R3 / R_CAPC1608X50N_100 / CAPC1608X50N at (-1775.32 3122.43)
         Placed symbol:  R4 / R_CAPC1608X50N_100 / CAPC1608X50N at (-1649.20 3122.43)
         Placed symbol:  R5 / R_CAPC1608X50N_100 / CAPC1608X50N at (-1523.08 3122.43)
         Placed symbol:  R6 / R_CAPC1608X50N_100 / CAPC1608X50N at (-1396.96 3122.43)
         Placed symbol:  R7 / R_CAPC1608X50N_100 / CAPC1608X50N at (-1270.84 3122.43)
         Placed symbol:  R8 / R_CAPC1608X50N_100 / CAPC1608X50N at (-1144.72 3122.43)
         Placed symbol:  R9 / R_CAPC1608X50N_100 / CAPC1608X50N at (-1018.60 3122.43)
         Placed symbol:  R13 / R_CAPC1608X50N_10K / CAPC1608X50N at (-892.48 3122.43)
         Placed symbol:  R14 / R_CAPC1608X50N_10K / CAPC1608X50N at (-766.36 3122.43)
         Placed symbol:  R15 / R_CAPC1608X50N_10K / CAPC1608X50N at (-640.24 3122.43)
         Placed symbol:  R16 / R_CAPC1608X50N_10K / CAPC1608X50N at (-514.12 3122.43)
         Placed symbol:  R17 / R_CAPC1608X50N_10K / CAPC1608X50N at (-388.00 3122.43)
         Placed symbol:  R18 / R_CAPC1608X50N_10K / CAPC1608X50N at (-261.88 3122.43)
         Placed symbol:  R19 / R_CAPC1608X50N_10K / CAPC1608X50N at (-135.76 3122.43)
         Placed symbol:  R20 / R_CAPC1608X50N_10K / CAPC1608X50N at (-9.64 3122.43)
         Placed symbol:  R21 / R_RESAD1590W70L1100D400P_0.2 / RESAD1590W70L1100D400P at (409.78 3181.48)
         Placed symbol:  R22 / R_RESAD1590W70L1100D400P_0.2 / RESAD1590W70L1100D400P at (1122.50 3181.48)
         Placed symbol:  R23 / R_CAPC1608X50N_1K / CAPC1608X50N at (1541.92 3122.43)
         Placed symbol:  R24 / R_CAPC1608X50N_1K / CAPC1608X50N at (1668.04 3122.43)
         Placed symbol:  C18 / CAP NP_CAPC1608X50N_104 / CAPC1608X50N at (1794.16 3122.43)
         Placed symbol:  C17 / CAP NP_CAPC1608X50N_104 / CAPC1608X50N at (3527.94 1930.97)
         Placed symbol:  C16 / CAP NP_CAPC1608X50N_104 / CAPC1608X50N at (3527.94 1863.91)
         Placed symbol:  C15 / CAP NP_CAPC1608X50N_104 / CAPC1608X50N at (3527.94 1796.85)
         Placed symbol:  C1 / CAP NP_CAPC1608X50N_104 / CAPC1608X50N at (3527.94 1729.79)
         Placed symbol:  Y1 / CRYSTAL_XTAL1140X473X400N_8M / XTAL1140X473X400N at (3762.19 1585.96)


Placed 100 of 100 applicable (100 total) symbols.

-----------------------------------------------------------------------

